execve("./hello", ["./hello"], [/* 21 vars */]) = 0 <0.000957>
brk(NULL)                               = 0x142e000 <0.000046>
access("/etc/ld.so.nohwcap", F_OK)      = -1 ENOENT (No such file or directory) <0.000049>
access("/etc/ld.so.preload", R_OK)      = -1 ENOENT (No such file or directory) <0.000048>
open("/etc/ld.so.cache", O_RDONLY|O_CLOEXEC) = 3 <0.000066>
fstat(3, {st_mode=S_IFREG|0644, st_size=23891, ...}) = 0 <0.000065>
mmap(NULL, 23891, PROT_READ, MAP_PRIVATE, 3, 0) = 0x7f9c6399a000 <0.000072>
close(3)                                = 0 <0.000058>
access("/etc/ld.so.nohwcap", F_OK)      = -1 ENOENT (No such file or directory) <0.000046>
open("/lib/x86_64-linux-gnu/libc.so.6", O_RDONLY|O_CLOEXEC) = 3 <0.000048>
read(3, "\177ELF\2\1\1\3\0\0\0\0\0\0\0\0\3\0>\0\1\0\0\0P\t\2\0\0\0\0\0"..., 832) = 832 <0.000059>
fstat(3, {st_mode=S_IFREG|0755, st_size=1868984, ...}) = 0 <0.000056>
mmap(NULL, 4096, PROT_READ|PROT_WRITE, MAP_PRIVATE|MAP_ANONYMOUS, -1, 0) = 0x7f9c63999000 <0.000056>
mmap(NULL, 3971488, PROT_READ|PROT_EXEC, MAP_PRIVATE|MAP_DENYWRITE, 3, 0) = 0x7f9c633b1000 <0.000066>
mprotect(0x7f9c63571000, 2097152, PROT_NONE) = 0 <0.000048>
mmap(0x7f9c63771000, 24576, PROT_READ|PROT_WRITE, MAP_PRIVATE|MAP_FIXED|MAP_DENYWRITE, 3, 0x1c0000) = 0x7f9c63771000 <0.000052>
mmap(0x7f9c63777000, 14752, PROT_READ|PROT_WRITE, MAP_PRIVATE|MAP_FIXED|MAP_ANONYMOUS, -1, 0) = 0x7f9c63777000 <0.000046>
close(3)                                = 0 <0.000042>
mmap(NULL, 4096, PROT_READ|PROT_WRITE, MAP_PRIVATE|MAP_ANONYMOUS, -1, 0) = 0x7f9c63998000 <0.000125>
mmap(NULL, 4096, PROT_READ|PROT_WRITE, MAP_PRIVATE|MAP_ANONYMOUS, -1, 0) = 0x7f9c63997000 <0.000082>
arch_prctl(ARCH_SET_FS, 0x7f9c63998700) = 0 <0.000077>
mprotect(0x7f9c63771000, 16384, PROT_READ) = 0 <0.000098>
mprotect(0x600000, 4096, PROT_READ)     = 0 <0.000133>
mprotect(0x7f9c639a0000, 4096, PROT_READ) = 0 <0.000087>
munmap(0x7f9c6399a000, 23891)           = 0 <0.000103>
fstat(1, {st_mode=S_IFCHR|0620, st_rdev=makedev(136, 0), ...}) = 0 <0.000106>
brk(NULL)                               = 0x142e000 <0.000071>
brk(0x144f000)                          = 0x144f000 <0.000085>
write(1, "hello world\n", 12)           = 12 <0.001023>
exit_group(0)                           = ?
+++ exited with 0 +++
